<?xml version="1.0" encoding="UTF-8"?>
<!-- Generated by org.testng.reporters.JUnitReportReporter -->
<testsuite hostname="LAPTOP-2A6IMJ3A" failures="0" tests="3" name="Practice.DataProviderExample" time="0.011" errors="0" timestamp="2023-04-12T20:27:12 IST" skipped="0">
  <testcase classname="Practice.DataProviderExample" name="bookTickets" time="0.002"/>
  <system-out/>
  <testcase classname="Practice.DataProviderExample" name="bookTickets" time="0.002"/>
  <system-out/>
  <testcase classname="Practice.DataProviderExample" name="bookTickets" time="0.007"/>
  <system-out/>
</testsuite> <!-- Practice.DataProviderExample -->
