<?xml version="1.0" encoding="UTF-8"?>
<!-- Generated by org.testng.reporters.JUnitReportReporter -->
<testsuite hostname="LAPTOP-2A6IMJ3A" failures="0" tests="1" name="Campaigns.CreateCampaignTest" time="15.566" errors="0" timestamp="2023-04-20T08:55:37 IST" skipped="0">
  <testcase classname="Campaigns.CreateCampaignTest" name="CreateCampaignTest" time="15.566"/>
  <system-out/>
</testsuite> <!-- Campaigns.CreateCampaignTest -->
