<?xml version="1.0" encoding="UTF-8"?>
<!-- Generated by org.testng.reporters.JUnitReportReporter -->
<testsuite hostname="LAPTOP-2A6IMJ3A" failures="0" tests="1" name="Product.CreateAndDeleteProductTest" time="19.404" errors="0" timestamp="2023-04-11T20:09:31 IST" skipped="0">
  <testcase classname="Product.CreateAndDeleteProductTest" name="CreateAndDeleteProductTest" time="19.404"/>
  <system-out/>
</testsuite> <!-- Product.CreateAndDeleteProductTest -->
