<?xml version="1.0" encoding="UTF-8"?>
<!-- Generated by org.testng.reporters.JUnitReportReporter -->
<testsuite hostname="LAPTOP-2A6IMJ3A" failures="0" tests="1" name="Campaigns.CreateCampWithProdTest" time="24.581" errors="0" timestamp="2023-04-19T19:55:44 IST" skipped="0">
  <testcase classname="Campaigns.CreateCampWithProdTest" name="createCampWithProdTest" time="24.581"/>
  <system-out/>
</testsuite> <!-- Campaigns.CreateCampWithProdTest -->
