<?xml version="1.0" encoding="UTF-8"?>
<!-- Generated by org.testng.reporters.JUnitReportReporter -->
<testsuite hostname="LAPTOP-2A6IMJ3A" failures="0" tests="3" name="Practice.DataProviderExcel" time="0.006" errors="0" timestamp="2023-04-14T19:31:46 IST" skipped="0">
  <testcase classname="Practice.DataProviderExcel" name="readData" time="0.001"/>
  <system-out/>
  <testcase classname="Practice.DataProviderExcel" name="readData" time="0.000"/>
  <system-out/>
  <testcase classname="Practice.DataProviderExcel" name="readData" time="0.005"/>
  <system-out/>
</testsuite> <!-- Practice.DataProviderExcel -->
