<?xml version="1.0" encoding="UTF-8"?>
<!-- Generated by org.testng.reporters.JUnitReportReporter -->
<testsuite hostname="LAPTOP-2A6IMJ3A" failures="0" tests="2" name="Practice.SampleTestNg" time="0.011" errors="0" timestamp="2023-04-06T19:46:30 IST" skipped="0">
  <testcase classname="Practice.SampleTestNg" name="modifyContact" time="0.001"/>
  <system-out/>
  <testcase classname="Practice.SampleTestNg" name="createContact" time="0.010"/>
  <system-out/>
</testsuite> <!-- Practice.SampleTestNg -->
