<?xml version="1.0" encoding="UTF-8"?>
<!-- Generated by org.testng.reporters.JUnitReportReporter -->
<testsuite hostname="LAPTOP-2A6IMJ3A" failures="0" tests="3" name="Practice.DependensOnMethod" time="0.008" errors="0" timestamp="2023-04-12T19:51:08 IST" skipped="0">
  <testcase classname="Practice.DependensOnMethod" name="createContact" time="0.007"/>
  <system-out/>
  <testcase classname="Practice.DependensOnMethod" name="deleteContact" time="0.001"/>
  <system-out/>
  <testcase classname="Practice.DependensOnMethod" name="modifyContact" time="0.000"/>
  <system-out/>
</testsuite> <!-- Practice.DependensOnMethod -->
